<?xml version="1.0" encoding="UTF-8"?>
<!-- Generated by org.testng.reporters.JUnitReportReporter -->
<testsuite hostname="rafid-Yoga-Slim-7-14IIL05" failures="0" tests="4" name="tests.AmazonTest" time="17.966" errors="0" timestamp="2023-01-13T22:55:42 WIB" skipped="0">
  <testcase classname="tests.AmazonTest" name="amazonTAV" time="2.622"/>
  <system-out/>
  <testcase classname="tests.AmazonTest" name="amazonTV" time="10.753"/>
  <system-out/>
  <testcase classname="tests.AmazonTest" name="amazonSignIn" time="1.420"/>
  <system-out/>
  <testcase classname="tests.AmazonTest" name="amazonHome" time="3.171"/>
  <system-out/>
</testsuite> <!-- tests.AmazonTest -->
